<?xml version="1.0" encoding="UTF-8"?>
<!-- Generated by org.testng.reporters.JUnitReportReporter -->
<testsuite skipped="0" hostname="Danzee" name="petStoreSwaggerAPITests.TestAPI" tests="2" failures="0" timestamp="2021-11-27T14:10:47 CET" time="3.137" errors="0">
  <testcase name="testGetAllAvailablePetDetails" time="1.943" classname="petStoreSwaggerAPITests.TestAPI"/>
  <system-out/>
  <testcase name="testFindPetByID" time="1.194" classname="petStoreSwaggerAPITests.TestAPI"/>
  <system-out/>
</testsuite> <!-- petStoreSwaggerAPITests.TestAPI -->
